TN:
SF:src/i18n/en.ts
FNF:0
FNH:0
DA:1,1
LF:1
LH:1
BRF:0
BRH:0
end_of_record
TN:
SF:src/i18n/es.ts
FNF:0
FNH:0
DA:1,1
LF:1
LH:1
BRF:0
BRH:0
end_of_record
TN:
SF:src/lib/github.ts
FN:20,getHeaders
FN:26,fetchGitHubRepos
FN:33,(anonymous_2)
FN:36,fetchGitHubProfile
FNF:4
FNH:4
FNDA:9,getHeaders
FNDA:5,fetchGitHubRepos
FNDA:3,(anonymous_2)
FNDA:4,fetchGitHubProfile
DA:1,1
DA:21,9
DA:27,5
DA:31,5
DA:32,4
DA:33,4
DA:37,4
DA:40,4
DA:41,3
LF:9
LH:9
BRDA:21,0,0,3
BRDA:21,0,1,6
BRDA:31,1,0,1
BRDA:31,1,1,4
BRDA:40,2,0,1
BRDA:40,2,1,3
BRF:6
BRH:6
end_of_record
TN:
SF:src/lib/i18n.ts
FN:8,getLangFromUrl
FN:14,resolve
FN:31,useTranslations
FN:32,t
FNF:4
FNH:4
FNDA:6,getLangFromUrl
FNDA:17,resolve
FNDA:12,useTranslations
FNDA:12,t
DA:6,1
DA:9,6
DA:10,6
DA:11,2
DA:20,17
DA:21,17
DA:22,30
DA:23,24
DA:25,6
DA:28,11
DA:32,12
DA:33,12
DA:34,12
LF:13
LH:13
BRDA:10,0,0,4
BRDA:10,0,1,2
BRDA:10,1,0,6
BRDA:10,1,1,4
BRDA:22,2,0,24
BRDA:22,2,1,6
BRDA:22,3,0,30
BRDA:22,3,1,30
BRDA:22,3,2,30
BRDA:28,4,0,7
BRDA:28,4,1,4
BRDA:34,5,0,12
BRDA:34,5,1,5
BRDA:34,5,2,5
BRF:14
BRH:14
end_of_record
TN:
SF:src/lib/utils.ts
FN:1,cn
FN:5,formatDate
FN:10,sortByDate
FN:12,(anonymous_3)
FN:16,calculateDuration
FNF:5
FNH:5
FNDA:4,cn
FNDA:4,formatDate
FNDA:4,sortByDate
FNDA:5,(anonymous_3)
FNDA:4,calculateDuration
DA:2,4
DA:6,4
DA:7,4
DA:11,4
DA:12,5
DA:17,4
DA:18,4
DA:19,4
DA:22,4
DA:23,3
DA:24,3
DA:25,3
LF:12
LH:12
BRDA:5,0,0,4
BRDA:18,1,0,3
BRDA:18,1,1,1
BRDA:22,2,0,1
BRDA:22,2,1,3
BRDA:25,3,0,2
BRDA:25,3,1,1
BRF:7
BRH:7
end_of_record
